<?xml version="1.0" encoding="UTF-8"?>
<testsuite xmlns:xsi="http://www.w3.org/2001/XMLSchema-instance" xsi:noNamespaceSchemaLocation="https://maven.apache.org/surefire/maven-surefire-plugin/xsd/surefire-test-report.xsd" name="TestSuite" time="29.5" tests="5" errors="0" skipped="0" failures="1">
  <properties>
[...]
</properties>
  <testcase name="homepageabc" classname="qaclickacademy.homepage" time="6.468"/>
  <testcase name="homepageabc" classname="qaclickacademy.homepage" time="3.069"/>
  <testcase name="homepageabc" classname="qaclickacademy.AssertionhomepageURl4" time="0.06">
    <failure message="expected [FEATURED OURSES] but found [FEATURED COURSES]" type="java.lang.AssertionError">java.lang.AssertionError: expected [FEATURED OURSES] but found [FEATURED COURSES]
	at qaclickacademy.AssertionhomepageURl4.homepageabc(AssertionhomepageURl4.java:38)
</failure>
    <system-err><![CDATA[Starting ChromeDriver 83.0.4103.39 (ccbf011cb2d2b19b506d844400483861342c20cd-refs/branch-heads/4103@{#416}) on port 21136
Only local connections are allowed.
Please see https://chromedriver.chromium.org/security-considerations for suggestions on keeping ChromeDriver safe.
ChromeDriver was started successfully.
[1597467400.930][WARNING]: This version of ChromeDriver has not been tested with Chrome version 84.
Aug 15, 2020 10:26:41 AM org.openqa.selenium.remote.ProtocolHandshake createSession
INFO: Detected dialect: W3C
]]></system-err>
  </testcase>
  <testcase name="homepageabc" classname="qaclickacademy.AssertionhomepageTitle3" time="5.649"/>
  <testcase name="validateAppTitle" classname="qaclickacademy.AssertionhomepageTitle3" time="0.195"/>
</testsuite>