-------------------------------------------------------------------------------
Test set: TestSuite
-------------------------------------------------------------------------------
Tests run: 5, Failures: 1, Errors: 0, Skipped: 0, Time elapsed: 29.5 s <<< FAILURE! - in TestSuite
homepageabc(qaclickacademy.AssertionhomepageURl4)  Time elapsed: 0.06 s  <<< FAILURE!
java.lang.AssertionError: expected [FEATURED OURSES] but found [FEATURED COURSES]
	at qaclickacademy.AssertionhomepageURl4.homepageabc(AssertionhomepageURl4.java:38)

