<?xml version="1.0" encoding="UTF-8"?>
<!-- Generated by org.testng.reporters.JUnitXMLReporter -->
<testsuite hostname="Admin-PC" name="Test" tests="5" failures="0" timestamp="29 Apr 2020 23:54:27 GMT" time="81.944" errors="0">
  <testcase name="homepageabc" time="0.09" classname="qaclickacademy.Assertionhomepage2"/>
  <testcase name="homepageabc" time="17.841" classname="qaclickacademy.homepage"/>
  <testcase name="homepageabc" time="11.144" classname="qaclickacademy.homepage"/>
  <testcase name="homepageabc" time="0.061" classname="qaclickacademy.AssertionhomepageURl4"/>
  <testcase name="homepageabc" time="13.749" classname="qaclickacademy.AssertionhomepageTitle3"/>
</testsuite> <!-- Test -->
